make all --print-data-base --no-builtin-variables --no-builtin-rules --question
# GNU Make 3.81
# Copyright (C) 2006  Free Software Foundation, Inc.
# This is free software; see the source for copying conditions.
# There is NO warranty; not even for MERCHANTABILITY or FITNESS FOR A
# PARTICULAR PURPOSE.

# This program built for i386-apple-darwin11.3.0
 

# Make data base, printed on Fri May 20 18:29:44 2022

# Variables

# automatic
<D = $(patsubst %/,%,$(dir $<))
# automatic
?F = $(notdir $?)
# makefile (from `Makefile', line 21)
SRC := src/jacobi.cpp src/utils/utimer.cpp src/utils/uarg.cpp src/barrier/barrier.cpp
# environment
VSCODE_LOG_NATIVE = false
# automatic
?D = $(patsubst %/,%,$(dir $?))
# automatic
@D = $(patsubst %/,%,$(dir $@))
# automatic
@F = $(notdir $@)
# makefile
CURDIR := /Users/alessandro/Dev/repos/Jacobi-method
# makefile
SHELL = /bin/sh
# environment
VSCODE_NLS_CONFIG = {"locale":"it","availableLanguages":{"*":"it"},"_languagePackId":"edd95fe2637dfb670c0c498374f66f34.it","_translationsConfigFile":"/Users/alessandro/Library/Application Support/Code/clp/edd95fe2637dfb670c0c498374f66f34.it/tcf.json","_cacheRoot":"/Users/alessandro/Library/Application Support/Code/clp/edd95fe2637dfb670c0c498374f66f34.it","_resolvedLanguagePackCoreLocation":"/Users/alessandro/Library/Application Support/Code/clp/edd95fe2637dfb670c0c498374f66f34.it/c3511e6c69bb39013c4a4b7b9566ec1ca73fc4d5","_corruptedFile":"/Users/alessandro/Library/Application Support/Code/clp/edd95fe2637dfb670c0c498374f66f34.it/corrupted.info","_languagePackSupport":true}
# environment
_ = /usr/bin/make
# makefile (from `Makefile', line 13)
CFLAGS = -std=c++11 -O3 -funsafe-math-optimizations 
# makefile (from `Makefile', line 1)
MAKEFILE_LIST :=  Makefile
# makefile (from `Makefile', line 19)
TESTDIR = test
# environment
AUTOJUMP_SOURCED = 1
# environment
VSCODE_VERBOSE_LOGGING = true
# environment
__CFBundleIdentifier = com.microsoft.VSCode
# makefile (from `Makefile', line 6)
FF_LOCAL = -I $$FF_ROOT
# environment
VSCODE_IPC_HOOK_EXTHOST = /var/folders/xs/9x4l719x1jx91qwf629svz5r0000gn/T/vscode-ipc-d514afef-dcd5-4a04-96f3-6eb0adbd25db.sock
# environment
VSCODE_CWD = /
# environment
PATH = /usr/local/Cellar/pyenv-virtualenv/1.1.5/shims:/Users/alessandro/.pyenv/shims:/Users/alessandro/.pyenv/bin:/usr/local/bin:/usr/bin:/bin:/usr/sbin:/sbin:/Applications/VMware Fusion.app/Contents/Public:/opt/X11/bin:/Volumes/Transcend/Applications/MATLAB_R2020b.app/bin:/Volumes/Transcend/Applications/MATLAB_R2020b.app/bin/maci64
# environment
LSCOLORS = Gxfxcxdxbxegedabagacad
# makefile (from `Makefile', line 28)
PAR_ANALYSIS_SRC := test/parallel_analysis.cpp
# environment
LaunchInstanceID = 04B945B0-32EE-447B-8732-ECABDF7E2C82
# environment
VSCODE_LOG_STACK = false
# environment
ELECTRON_RUN_AS_NODE = 1
# environment
PYENV_ROOT = /Users/alessandro/.pyenv
# makefile (from `Makefile', line 15)
LDFLAGS = -lpthread 
# default
.FEATURES := target-specific order-only second-expansion else-if archives jobserver check-symlink
# environment
SSH_AUTH_SOCK = /private/tmp/com.apple.launchd.sjPT2ABD2i/Listeners
# makefile (from `Makefile', line 18)
SRCDIR = src
# automatic
%F = $(notdir $%)
# makefile (from `Makefile', line 1)
UNAME_S := Darwin
# environment
DISPLAY = /private/tmp/com.apple.launchd.3VLzPTnv2X/org.xquartz:0
# environment
VSCODE_PIPE_LOGGING = true
# environment
PWD = /Users/alessandro/Dev/repos/Jacobi-method
# environment
ORIGINAL_XDG_CURRENT_DESKTOP = undefined
# environment
VSCODE_AMD_ENTRYPOINT = vs/workbench/api/node/extensionHostProcess
# environment
PYENV_SHELL = zsh
# environment
HOME = /Users/alessandro
# makefile (from `Makefile', line 29)
PAR_ANALYSIS_OBJS = $(PAR_ANALYSIS_SRC:%.cpp=$(OBJDIR)/%.o)
# default
MAKEFILEPATH = $(shell /usr/bin/xcode-select -print-path 2>/dev/null || echo /Developer)/Makefiles
# environment
VSCODE_CODE_CACHE_PATH = /Users/alessandro/Library/Application Support/Code/CachedData/c3511e6c69bb39013c4a4b7b9566ec1ca73fc4d5
# environment
LOGNAME = alessandro
# environment
APPLICATION_INSIGHTS_NO_DIAGNOSTIC_CHANNEL = 1
# environment
NVM_CD_FLAGS = -q
# environment
ZSH = /Users/alessandro/.oh-my-zsh
# environment
VSCODE_HANDLES_UNCAUGHT_ERRORS = true
# automatic
^D = $(patsubst %/,%,$(dir $^))
# environment
XPC_FLAGS = 0x0
# default
MAKE = $(MAKE_COMMAND)
# default
MAKECMDGOALS := all
# environment
SHLVL = 1
# makefile (from `Makefile', line 30)
PAR_ANALYSIS = bin/parallel_analysis
# default
MAKE_VERSION := 3.81
# environment
USER = alessandro
# makefile
.DEFAULT_GOAL := all
# environment
LESS = -R
# automatic
%D = $(patsubst %/,%,$(dir $%))
# default
MAKE_COMMAND := /Library/Developer/CommandLineTools/usr/bin/make
# makefile (from `Makefile', line 24)
JACOBI_TEST_SRC := test/test.cpp
# default
.VARIABLES := 
# environment
TMPDIR = /var/folders/xs/9x4l719x1jx91qwf629svz5r0000gn/T/
# automatic
*F = $(notdir $*)
# environment
VSCODE_IPC_HOOK = /Users/alessandro/Library/Application Support/Code/1.67.2-main.sock
# makefile
MAKEFLAGS = Rrqp
# environment
MFLAGS = -Rrqp
# automatic
*D = $(patsubst %/,%,$(dir $*))
# environment
NVM_DIR = /Users/alessandro/.nvm
# environment
XPC_SERVICE_NAME = application.com.microsoft.VSCode.34556672.34556678
# automatic
+D = $(patsubst %/,%,$(dir $+))
# automatic
+F = $(notdir $+)
# environment
__CF_USER_TEXT_ENCODING = 0x1F5:0x0:0x4
# environment
COMMAND_MODE = unix2003
# default
MAKEFILES := 
# automatic
<F = $(notdir $<)
# makefile (from `Makefile', line 17)
OBJDIR = build
# makefile (from `Makefile', line 7)
CXX = g++-11
# environment
PAGER = less
# environment
LC_ALL = C
# makefile (from `Makefile', line 25)
JACOBI_TEST_OBJS = $(JACOBI_TEST_SRC:%.cpp=$(OBJDIR)/%.o)
# environment
SECURITYSESSIONID = 186a3
# automatic
^F = $(notdir $^)
# default
SUFFIXES := 
# environment
PYENV_VIRTUALENV_INIT = 1
# default
.INCLUDE_DIRS = /usr/local/include
# makefile (from `Makefile', line 22)
SRC_OBJS = $(SRC:%.cpp=$(OBJDIR)/%.o)
# environment
MAKELEVEL := 0
# environment
AUTOJUMP_ERROR_PATH = /Users/alessandro/Library/autojump/errors.log
# environment
LANG = C
# environment
VSCODE_PID = 426
# makefile (from `Makefile', line 26)
JACOBI_TEST = bin/test
# environment
NVM_RC_VERSION = 
# variable set hash-table stats:
# Load=93/1024=9%, Rehash=0, Collisions=1/150=1%

# Pattern-specific Variable Values

# No pattern-specific variable values.

# Directories

# . (device 16777223, inode 34700518): 15 files, no impossibilities.
# src (device 16777223, inode 34700640): 3 files, no impossibilities so far.

# 18 files, no impossibilities in 2 directories.

# Implicit Rules

build/%.o: %.cpp
#  commands to execute (from `Makefile', line 46):
	@echo "COMPILING SOURCE $< INTO OBJECT $@"
	@mkdir -p '$(@D)'
	@$(CXX) -c $(CXXFLAGS) $(FF_LOCAL) $(LDFLAGS) $< -o $@
	

# 1 implicit rules, 0 (0.0%) terminal.

# Files

bin/parallel_analysis: build/src/jacobi.o build/src/utils/utimer.o build/src/utils/uarg.o build/src/barrier/barrier.o build/test/parallel_analysis.o
#  Implicit rule search has not been done.
#  Modification time never checked.
#  File has not been updated.
#  commands to execute (from `Makefile', line 41):
	@echo "== LINKING EXECUTABLE $@"
	@mkdir -p $(@D)
	@$(CXX) $^ $(LDFLAGS) $(FF_LOCAL) -o $(PAR_ANALYSIS)
	

bin/test: build/src/jacobi.o build/src/utils/utimer.o build/src/utils/uarg.o build/src/barrier/barrier.o build/test/test.o
#  Implicit rule search has not been done.
#  File does not exist.
#  File has been updated.
#  Needs to be updated (-q is set).
# variable set hash-table stats:
# Load=0/32=0%, Rehash=0, Collisions=0/7=0%
#  commands to execute (from `Makefile', line 36):
	@echo "== LINKING EXECUTABLE $@"
	@mkdir -p $(@D)
	@$(CXX) $^ $(LDFLAGS) $(FF_LOCAL) -o $(JACOBI_TEST)
	

all: bin/test bin/parallel_analysis
#  Command-line target.
#  Implicit rule search has not been done.
#  File does not exist.
#  File has been updated.
#  Needs to be updated (-q is set).
# variable set hash-table stats:
# Load=0/32=0%, Rehash=0, Collisions=0/7=0%
#  commands to execute (from `Makefile', line 33):
	@echo parallel_analysis, test have been compiled.
	

# Not a target:
build/test/parallel_analysis.o:
#  Implicit rule search has not been done.
#  Modification time never checked.
#  File has not been updated.

# Not a target:
build/test/test.o:
#  Implicit rule search has not been done.
#  Modification time never checked.
#  File has not been updated.

# Not a target:
.SUFFIXES:
#  Implicit rule search has not been done.
#  Modification time never checked.
#  File has not been updated.

 
# Not a target:
Makefile:
#  Implicit rule search has been done.
#  Last modified 2022-05-20 01:34:09
#  File has been updated.
#  Successfully updated.
# variable set hash-table stats:
# Load=0/32=0%, Rehash=0, Collisions=0/0=0%

# Not a target:
build/src/utils/utimer.o:
#  Implicit rule search has not been done.
#  Modification time never checked.
#  File has not been updated.

# Not a target:
src/jacobi.cpp:
#  Implicit rule search has been done.
#  Last modified 2022-05-20 12:32:58
#  File has been updated.
#  Successfully updated.
# variable set hash-table stats:
# Load=0/32=0%, Rehash=0, Collisions=0/0=0%

build/src/jacobi.o: src/jacobi.cpp
#  Implicit rule search has been done.
#  Implicit/static pattern stem: `src/jacobi'
#  File does not exist.
#  File has been updated.
#  Needs to be updated (-q is set).
# automatic
# @ := build/src/jacobi.o
# automatic
# % := 
# automatic
# * := src/jacobi
# automatic
# + := src/jacobi.cpp
# automatic
# | := 
# automatic
# < := src/jacobi.cpp
# automatic
# ^ := src/jacobi.cpp
# automatic
# ? := src/jacobi.cpp
# variable set hash-table stats:
# Load=8/32=25%, Rehash=0, Collisions=2/20=10%
#  commands to execute (from `Makefile', line 46):
	@echo "COMPILING SOURCE $< INTO OBJECT $@"
	@mkdir -p '$(@D)'
	@$(CXX) -c $(CXXFLAGS) $(FF_LOCAL) $(LDFLAGS) $< -o $@
	

# Not a target:
build/src/utils/uarg.o:
#  Implicit rule search has not been done.
#  Modification time never checked.
#  File has not been updated.

# Not a target:
.DEFAULT:
#  Implicit rule search has not been done.
#  Modification time never checked.
#  File has not been updated.

clean:
#  Implicit rule search has not been done.
#  Modification time never checked.
#  File has not been updated.
#  commands to execute (from `Makefile', line 52):
	find . -name *.o -delete -print
	rm -f -v $(JACOBI_TEST) $(PAR_ANALYSIS)
	

# Not a target:
build/src/barrier/barrier.o:
#  Implicit rule search has not been done.
#  Modification time never checked.
#  File has not been updated.

# files hash-table stats:
# Load=14/1024=1%, Rehash=0, Collisions=0/42=0%
# VPATH Search Paths

# No `vpath' search paths.

# No general (`VPATH' variable) search path.

# # of strings in strcache: 1
# # of strcache buffers: 1
# strcache size: total = 4096 / max = 4096 / min = 4096 / avg = 4096
# strcache free: total = 4087 / max = 4087 / min = 4087 / avg = 4087

# Finished Make data base on Fri May 20 18:29:44 2022

 
